2013-04-08 16:59:04..../motifFinder.exe ../ 3 50
2013-04-08 16:59:05...number of files read 144
2013-04-08 16:59:05...number of sequences of length 50 found 148184
2013-04-08 16:59:05...starting search of front sequences.
2013-04-08 16:59:42...processed 10000 sequences.
2013-04-08 17:00:21...processed 20000 sequences.
2013-04-08 17:00:56...processed 30000 sequences.
2013-04-08 17:01:33...processed 40000 sequences.
2013-04-08 17:02:09...processed 50000 sequences.
2013-04-08 17:02:46...processed 60000 sequences.
2013-04-08 17:03:22...processed 70000 sequences.
2013-04-08 17:03:57...processed 80000 sequences.
2013-04-08 17:04:37...processed 90000 sequences.
2013-04-08 17:05:12...processed 100000 sequences.
2013-04-08 17:05:49...processed 110000 sequences.
2013-04-08 17:06:21...processed 120000 sequences.
2013-04-08 17:07:01...processed 130000 sequences.
2013-04-08 17:07:38...processed 140000 sequences.
2013-04-08 17:08:07...finished searching front sequences, found 74615 unique  motifs.
2013-04-08 17:08:07...processed 0 front motifs.
2013-04-08 17:08:18...processed 1000 front motifs.
2013-04-08 17:08:29...processed 2000 front motifs.
2013-04-08 17:08:40...processed 3000 front motifs.
2013-04-08 17:08:51...processed 4000 front motifs.
2013-04-08 17:09:02...processed 5000 front motifs.
2013-04-08 17:09:13...processed 6000 front motifs.
2013-04-08 17:09:24...processed 7000 front motifs.
2013-04-08 17:09:35...processed 8000 front motifs.
2013-04-08 17:09:46...processed 9000 front motifs.
2013-04-08 17:09:57...processed 10000 front motifs.
2013-04-08 17:10:08...processed 11000 front motifs.
2013-04-08 17:10:19...processed 12000 front motifs.
2013-04-08 17:10:30...processed 13000 front motifs.
2013-04-08 17:10:41...processed 14000 front motifs.
2013-04-08 17:10:52...processed 15000 front motifs.
2013-04-08 17:11:03...processed 16000 front motifs.
2013-04-08 17:11:14...processed 17000 front motifs.
2013-04-08 17:11:25...processed 18000 front motifs.
2013-04-08 17:11:36...processed 19000 front motifs.
2013-04-08 17:11:47...processed 20000 front motifs.
2013-04-08 17:11:58...processed 21000 front motifs.
2013-04-08 17:12:09...processed 22000 front motifs.
2013-04-08 17:12:20...processed 23000 front motifs.
2013-04-08 17:12:31...processed 24000 front motifs.
2013-04-08 17:12:42...processed 25000 front motifs.
2013-04-08 17:12:53...processed 26000 front motifs.
motif found: GGGGGCGCGGGGGGG.GGGGGGGGGGGTGGG score 50
2013-04-08 17:13:04...processed 27000 front motifs.
2013-04-08 17:13:14...processed 28000 front motifs.
2013-04-08 17:13:25...processed 29000 front motifs.
2013-04-08 17:13:36...processed 30000 front motifs.
2013-04-08 17:13:47...processed 31000 front motifs.
2013-04-08 17:13:58...processed 32000 front motifs.
motif found: GTGGGGGCGCGGGGG.GGGGGGGGGGGGGGG score 51
2013-04-08 17:14:09...processed 33000 front motifs.
2013-04-08 17:14:20...processed 34000 front motifs.
2013-04-08 17:14:31...processed 35000 front motifs.
2013-04-08 17:14:42...processed 36000 front motifs.
2013-04-08 17:14:53...processed 37000 front motifs.
2013-04-08 17:15:03...processed 38000 front motifs.
2013-04-08 17:15:14...processed 39000 front motifs.
motif found: AAAAAACAATAAAAA.AAAAAAATAAAAAAA score 52
2013-04-08 17:15:25...processed 40000 front motifs.
motif found: GTGGGGGGGGCGGGG.GGGGGGGGGGGGGGG score 54
2013-04-08 17:15:36...processed 41000 front motifs.
motif found: GGGGGCGTGGGGGGG.GGGCGGGGGGGGGGG score 51
motif found: GGGGGGGGCGGGGGT.GGGGGGGGGGGGGGG score 52
2013-04-08 17:15:47...processed 42000 front motifs.
2013-04-08 17:15:58...processed 43000 front motifs.
2013-04-08 17:16:09...processed 44000 front motifs.
2013-04-08 17:16:20...processed 45000 front motifs.
2013-04-08 17:16:32...processed 46000 front motifs.
2013-04-08 17:16:43...processed 47000 front motifs.
2013-04-08 17:16:54...processed 48000 front motifs.
2013-04-08 17:17:05...processed 49000 front motifs.
2013-04-08 17:17:16...processed 50000 front motifs.
2013-04-08 17:17:27...processed 51000 front motifs.
2013-04-08 17:17:39...processed 52000 front motifs.
2013-04-08 17:17:50...processed 53000 front motifs.
2013-04-08 17:18:00...processed 54000 front motifs.
2013-04-08 17:18:12...processed 55000 front motifs.
2013-04-08 17:18:23...processed 56000 front motifs.
2013-04-08 17:18:34...processed 57000 front motifs.
2013-04-08 17:18:45...processed 58000 front motifs.
2013-04-08 17:18:56...processed 59000 front motifs.
2013-04-08 17:19:07...processed 60000 front motifs.
2013-04-08 17:19:18...processed 61000 front motifs.
2013-04-08 17:19:30...processed 62000 front motifs.
2013-04-08 17:19:41...processed 63000 front motifs.
